Checking for nf-config... OK
Checking for NetCDF Fortran 90 library interface... OK
Checking for NetCDF4 support... OK (Adding -DHAVE_NETCDF4_SUPPORT to FFLAGS)
Checking for nf90_inq_varids... OK (Adding -DHAVE_NF90_INQ_VARIDS to FFLAGS)
( cd src; make FC="mpif90" FFLAGS="-O3 -DHAVE_NETCDF4_SUPPORT -DHAVE_NF90_INQ_VARIDS" FCINCLUDES="-I/opt/ohpc/pub/libs/gnu9/openmpi4/netcdf-fortran/4.5.3/include -I/opt/ohpc/pub/libs/gnu9/openmpi4/netcdf-fortran/4.5.3/include" FCLIBS="-L/opt/ohpc/pub/libs/gnu9/openmpi4/netcdf/4.7.4/lib -L/opt/ohpc/pub/libs/gnu9/openmpi4/netcdf-fortran/4.5.3/lib -lnetcdff -Wl,-rpath,/opt/ohpc/pub/libs/gnu9/openmpi4/netcdf-fortran/4.5.3/lib  -Wl,-rpath,/opt/ohpc/pub/libs/gnu9/openmpi4/netcdf/4.7.4/lib " )
make[1]: Entering directory '/mnt/beegfs/monan/users/renato/issues/monan-611-QI_Vars2Dto3D/scripts_CD-CT/sources/convert_mpas_1.0.1/src'
rm -f scan_input.o scan_input.mod
mpif90 -O3 -DHAVE_NETCDF4_SUPPORT -DHAVE_NF90_INQ_VARIDS -c scan_input.F90 -I/opt/ohpc/pub/libs/gnu9/openmpi4/netcdf-fortran/4.5.3/include -I/opt/ohpc/pub/libs/gnu9/openmpi4/netcdf-fortran/4.5.3/include
rm -f mpas_mesh.o mpas_mesh.mod
mpif90 -O3 -DHAVE_NETCDF4_SUPPORT -DHAVE_NF90_INQ_VARIDS -c mpas_mesh.F90 -I/opt/ohpc/pub/libs/gnu9/openmpi4/netcdf-fortran/4.5.3/include -I/opt/ohpc/pub/libs/gnu9/openmpi4/netcdf-fortran/4.5.3/include
rm -f target_mesh.o target_mesh.mod
mpif90 -O3 -DHAVE_NETCDF4_SUPPORT -DHAVE_NF90_INQ_VARIDS -c target_mesh.F90 -I/opt/ohpc/pub/libs/gnu9/openmpi4/netcdf-fortran/4.5.3/include -I/opt/ohpc/pub/libs/gnu9/openmpi4/netcdf-fortran/4.5.3/include
rm -f remapper.o remapper.mod
mpif90 -O3 -DHAVE_NETCDF4_SUPPORT -DHAVE_NF90_INQ_VARIDS -c remapper.F90 -I/opt/ohpc/pub/libs/gnu9/openmpi4/netcdf-fortran/4.5.3/include -I/opt/ohpc/pub/libs/gnu9/openmpi4/netcdf-fortran/4.5.3/include
rm -f file_output.o file_output.mod
mpif90 -O3 -DHAVE_NETCDF4_SUPPORT -DHAVE_NF90_INQ_VARIDS -c file_output.F90 -I/opt/ohpc/pub/libs/gnu9/openmpi4/netcdf-fortran/4.5.3/include -I/opt/ohpc/pub/libs/gnu9/openmpi4/netcdf-fortran/4.5.3/include
rm -f copy_atts.o copy_atts.mod
mpif90 -O3 -DHAVE_NETCDF4_SUPPORT -DHAVE_NF90_INQ_VARIDS -c copy_atts.F90 -I/opt/ohpc/pub/libs/gnu9/openmpi4/netcdf-fortran/4.5.3/include -I/opt/ohpc/pub/libs/gnu9/openmpi4/netcdf-fortran/4.5.3/include
rm -f field_list.o field_list.mod
mpif90 -O3 -DHAVE_NETCDF4_SUPPORT -DHAVE_NF90_INQ_VARIDS -c field_list.F90 -I/opt/ohpc/pub/libs/gnu9/openmpi4/netcdf-fortran/4.5.3/include -I/opt/ohpc/pub/libs/gnu9/openmpi4/netcdf-fortran/4.5.3/include
rm -f timer.o timer.mod
mpif90 -O3 -DHAVE_NETCDF4_SUPPORT -DHAVE_NF90_INQ_VARIDS -c timer.F90 -I/opt/ohpc/pub/libs/gnu9/openmpi4/netcdf-fortran/4.5.3/include -I/opt/ohpc/pub/libs/gnu9/openmpi4/netcdf-fortran/4.5.3/include
rm -f convert_mpas.o convert_mpas.mod
mpif90 -O3 -DHAVE_NETCDF4_SUPPORT -DHAVE_NF90_INQ_VARIDS -c convert_mpas.F90 -I/opt/ohpc/pub/libs/gnu9/openmpi4/netcdf-fortran/4.5.3/include -I/opt/ohpc/pub/libs/gnu9/openmpi4/netcdf-fortran/4.5.3/include
mpif90 -o convert_mpas scan_input.o mpas_mesh.o target_mesh.o remapper.o file_output.o copy_atts.o field_list.o timer.o convert_mpas.o -L/opt/ohpc/pub/libs/gnu9/openmpi4/netcdf/4.7.4/lib -L/opt/ohpc/pub/libs/gnu9/openmpi4/netcdf-fortran/4.5.3/lib -lnetcdff -Wl,-rpath,/opt/ohpc/pub/libs/gnu9/openmpi4/netcdf-fortran/4.5.3/lib  -Wl,-rpath,/opt/ohpc/pub/libs/gnu9/openmpi4/netcdf/4.7.4/lib 
make[1]: Leaving directory '/mnt/beegfs/monan/users/renato/issues/monan-611-QI_Vars2Dto3D/scripts_CD-CT/sources/convert_mpas_1.0.1/src'
if [ -f src/convert_mpas ] ; then \
   ( cp src/convert_mpas . ) \
fi;
